<?xml version="1.0" encoding="UTF-8"?>
<!-- Generated by org.testng.reporters.JUnitReportReporter -->
<testsuite skipped="0" hostname="HDC2-D-C8CSXJ2" name="com.sele.testng.DemoTestngnew" tests="2" failures="0" timestamp="04 Jul 2019 09:11:11 GMT" time="16.798" errors="0">
  <testcase name="openApp" time="0.014" classname="com.sele.testng.DemoTestngnew"/>
  <testcase name="browserInit" time="16.784" classname="com.sele.testng.DemoTestngnew"/>
</testsuite> <!-- com.sele.testng.DemoTestngnew -->
