<?xml version="1.0" encoding="UTF-8"?>
<!-- Generated by org.testng.reporters.JUnitReportReporter -->
<testsuite skipped="1" hostname="HDC2-D-C8CSXJ2" name="com.sele.testng.DemoTestNg" tests="3" failures="0" timestamp="03 Jul 2019 09:20:30 GMT" time="0.011" errors="0">
  <testcase name="Login" time="0.008" classname="com.sele.testng.DemoTestNg"/>
  <testcase name="Logout" time="0.003" classname="com.sele.testng.DemoTestNg"/>
  <testcase name="openApp" classname="com.sele.testng.DemoTestNg">
    <skipped/>
  </testcase> <!-- openApp -->
</testsuite> <!-- com.sele.testng.DemoTestNg -->
