<?xml version="1.0" encoding="UTF-8"?>
<!-- Generated by org.testng.reporters.JUnitReportReporter -->
<testsuite skipped="0" hostname="HDC2-D-C8CSXJ2" name="com.sele.testng.DemoAlert" tests="1" failures="0" timestamp="03 Jul 2019 11:33:12 GMT" time="20.807" errors="0">
  <testcase name="dalert" time="20.807" classname="com.sele.testng.DemoAlert"/>
</testsuite> <!-- com.sele.testng.DemoAlert -->
