<?xml version="1.0" encoding="UTF-8"?>
<!-- Generated by org.testng.reporters.JUnitReportReporter -->
<testsuite skipped="0" hostname="HDC2-D-C8CSXJ2" name="com.sele.testng.action" tests="1" failures="0" timestamp="09 Jul 2019 10:17:24 GMT" time="93.435" errors="0">
  <testcase name="f" time="93.435" classname="com.sele.testng.action"/>
</testsuite> <!-- com.sele.testng.action -->
