<?xml version="1.0" encoding="UTF-8"?>
<!-- Generated by org.testng.reporters.JUnitReportReporter -->
<testsuite skipped="0" hostname="HDC2-D-C8CSXJ2" name="com.sele.testng.DemoTestNgTest" tests="1" failures="0" timestamp="03 Jul 2019 05:06:00 GMT" time="0.013" errors="0">
  <testcase name="f" time="0.013" classname="com.sele.testng.DemoTestNgTest"/>
</testsuite> <!-- com.sele.testng.DemoTestNgTest -->
