<?xml version="1.0" encoding="UTF-8"?>
<!-- Generated by org.testng.reporters.JUnitReportReporter -->
<testsuite skipped="0" hostname="HDC2-D-C8CSXJ2" name="com.sele.testng.Collect" tests="1" failures="0" timestamp="03 Jul 2019 10:30:04 GMT" time="59.046" errors="0">
  <testcase name="testColl" time="59.046" classname="com.sele.testng.Collect"/>
</testsuite> <!-- com.sele.testng.Collect -->
