<?xml version="1.0" encoding="UTF-8"?>
<!-- Generated by org.testng.reporters.JUnitReportReporter -->
<testsuite skipped="0" hostname="HDC2-D-C8CSXJ2" name="testmeapp.tests.Scenario1" tests="6" failures="0" timestamp="05 Jul 2019 12:26:44 GMT" time="155.674" errors="0">
  <testcase name="open" time="64.486" classname="testmeapp.tests.Scenario1"/>
  <testcase name="testLogout" time="0.002" classname="testmeapp.tests.Scenario1"/>
  <testcase name="testRegistration" time="61.254" classname="testmeapp.tests.Scenario1"/>
  <testcase name="testLogin" time="5.740" classname="testmeapp.tests.Scenario1"/>
  <testcase name="testCart" time="7.592" classname="testmeapp.tests.Scenario1"/>
  <testcase name="testPayment" time="16.600" classname="testmeapp.tests.Scenario1"/>
</testsuite> <!-- testmeapp.tests.Scenario1 -->
