<?xml version="1.0" encoding="UTF-8"?>
<!-- Generated by org.testng.reporters.JUnitReportReporter -->
<testsuite skipped="0" hostname="HDC2-D-C8CSXJ2" name="com.sele.testng.Scenario1" tests="6" failures="0" timestamp="11 Jul 2019 12:17:50 GMT" time="79.071" errors="0">
  <testcase name="open" time="24.669" classname="com.sele.testng.Scenario1"/>
  <testcase name="testRegistration" time="19.661" classname="com.sele.testng.Scenario1"/>
  <testcase name="testLogin" time="5.765" classname="com.sele.testng.Scenario1"/>
  <testcase name="testCart" time="7.804" classname="com.sele.testng.Scenario1"/>
  <testcase name="testPayment" time="21.166" classname="com.sele.testng.Scenario1"/>
  <testcase name="testLogout" time="0.006" classname="com.sele.testng.Scenario1"/>
</testsuite> <!-- com.sele.testng.Scenario1 -->
