<?xml version="1.0" encoding="UTF-8"?>
<!-- Generated by org.testng.reporters.JUnitReportReporter -->
<testsuite skipped="0" hostname="HDC2-D-C8CSXJ2" name="com.sele.testng.SeleDemo" tests="1" failures="0" timestamp="04 Jul 2019 05:07:19 GMT" time="28.431" errors="0">
  <testcase name="seltest" time="28.431" classname="com.sele.testng.SeleDemo"/>
</testsuite> <!-- com.sele.testng.SeleDemo -->
