<?xml version="1.0" encoding="UTF-8"?>
<!-- Generated by org.testng.reporters.JUnitReportReporter -->
<testsuite skipped="0" hostname="HDC2-D-C8CSXJ2" name="com.sele.testng.DemoTestng2" tests="3" failures="0" timestamp="11 Jul 2019 09:12:03 GMT" time="75.257" errors="0">
  <testcase name="openApp" time="0.015" classname="com.sele.testng.DemoTestng2"/>
  <testcase name="browserInit" time="43.010" classname="com.sele.testng.DemoTestng2"/>
  <testcase name="register" time="32.232" classname="com.sele.testng.DemoTestng2"/>
</testsuite> <!-- com.sele.testng.DemoTestng2 -->
